#
# A fatal error has been detected by the Java Runtime Environment:
#
#  Internal Error (./open/src/hotspot/share/oops/generateOopMap.cpp:2162), pid=7988, tid=5908
#  fatal error: Illegal class file encountered. Try running with -Xverify:all in method home
#
# JRE version: OpenJDK Runtime Environment (15.0.2+7) (build 15.0.2+7-27)
# Java VM: OpenJDK 64-Bit Server VM (15.0.2+7-27, mixed mode, tiered, compressed oops, g1 gc, windows-amd64)
# No core dump will be written. Minidumps are not enabled by default on client versions of Windows
#
# If you would like to submit a bug report, please visit:
#   https://bugreport.java.com/bugreport/crash.jsp
#

---------------  S U M M A R Y ------------

Command Line: -XX:+ShowCodeDetailsInExceptionMessages -agentlib:jdwp=transport=dt_socket,suspend=y,address=localhost:53339 -javaagent:C:\Users\Gustavo Poppi\eclipse\jee-2020-12\eclipse\configuration\org.eclipse.osgi\405\0\.cp\lib\javaagent-shaded.jar -Dfile.encoding=UTF-8 br.com.loja.mvc.sergio.MudiApplication

Host: AMD Ryzen 5 3600X 6-Core Processor             , 12 cores, 15G,  Windows 10 , 64 bit Build 19041 (10.0.19041.804)
Time: Fri Apr  2 13:20:41 2021 Hora oficial do Brasil elapsed time: 3210.079852 seconds (0d 0h 53m 30s)

---------------  T H R E A D  ---------------

Current thread (0x000001e0557361d0):  GCTaskThread "GC Thread#1" [stack: 0x000000d6ce600000,0x000000d6ce700000] [id=5908]

Stack: [0x000000d6ce600000,0x000000d6ce700000]
[error occurred during error reporting (printing stack bounds), id 0xc0000005, EXCEPTION_ACCESS_VIOLATION (0xc0000005) at pc=0x000001e0387010ad]

Native frames: (J=compiled Java code, j=interpreted, Vv=VM code, C=native code)
V  [jvm.dll+0x62ae9a]
V  [jvm.dll+0x7817a9]
V  [jvm.dll+0x782f03]
V  [jvm.dll+0x7834c5]
V  [jvm.dll+0x78347b]
V  [jvm.dll+0x62a2b9]
V  [jvm.dll+0x62aa88]
C  [ntdll.dll+0xa1f6f]
C  [ntdll.dll+0x51454]
C  [ntdll.dll+0xa0a9e]
C  0x000001e0387010ad

JavaThread 0x000001e0556b1fd0 (nid = 19128) was being processed
Java frames: (J=compiled Java code, j=interpreted, Vv=VM code)
j  br.com.loja.mvc.sergio.controller.HomeController.home(Lorg/springframework/ui/Model;)Ljava/lang/String;+100
v  ~StubRoutines::call_stub
J 2846  jdk.internal.reflect.NativeMethodAccessorImpl.invoke0(Ljava/lang/reflect/Method;Ljava/lang/Object;[Ljava/lang/Object;)Ljava/lang/Object; java.base@15.0.2 (0 bytes) @ 0x000001e040327747 [0x000001e0403276c0+0x0000000000000087]
J 18244 c1 jdk.internal.reflect.NativeMethodAccessorImpl.invoke(Ljava/lang/Object;[Ljava/lang/Object;)Ljava/lang/Object; java.base@15.0.2 (117 bytes) @ 0x000001e03946453c [0x000001e0394639a0+0x0000000000000b9c]
J 9444 c2 java.lang.reflect.Method.invoke(Ljava/lang/Object;[Ljava/lang/Object;)Ljava/lang/Object; java.base@15.0.2 (65 bytes) @ 0x000001e0408832dc [0x000001e040883180+0x000000000000015c]
j  org.springframework.web.method.support.InvocableHandlerMethod.doInvoke([Ljava/lang/Object;)Ljava/lang/Object;+16
j  org.springframework.web.method.support.InvocableHandlerMethod.invokeForRequest(Lorg/springframework/web/context/request/NativeWebRequest;Lorg/springframework/web/method/support/ModelAndViewContainer;[Ljava/lang/Object;)Ljava/lang/Object;+56
j  org.springframework.web.servlet.mvc.method.annotation.ServletInvocableHandlerMethod.invokeAndHandle(Lorg/springframework/web/context/request/ServletWebRequest;Lorg/springframework/web/method/support/ModelAndViewContainer;[Ljava/lang/Object;)V+4
j  org.springframework.web.servlet.mvc.method.annotation.RequestMappingHandlerAdapter.invokeHandlerMethod(Ljavax/servlet/http/HttpServletRequest;Ljavax/servlet/http/HttpServletResponse;Lorg/springframework/web/method/HandlerMethod;)Lorg/springframework/web/servlet/ModelAndView;+244
j  org.springframework.web.servlet.mvc.method.annotation.RequestMappingHandlerAdapter.handleInternal(Ljavax/servlet/http/HttpServletRequest;Ljavax/servlet/http/HttpServletResponse;Lorg/springframework/web/method/HandlerMethod;)Lorg/springframework/web/servlet/ModelAndView;+81
j  org.springframework.web.servlet.mvc.method.AbstractHandlerMethodAdapter.handle(Ljavax/servlet/http/HttpServletRequest;Ljavax/servlet/http/HttpServletResponse;Ljava/lang/Object;)Lorg/springframework/web/servlet/ModelAndView;+7
j  org.springframework.web.servlet.DispatcherServlet.doDispatch(Ljavax/servlet/http/HttpServletRequest;Ljavax/servlet/http/HttpServletResponse;)V+257
j  org.springframework.web.servlet.DispatcherServlet.doService(Ljavax/servlet/http/HttpServletRequest;Ljavax/servlet/http/HttpServletResponse;)V+212
j  org.springframework.web.servlet.FrameworkServlet.processRequest(Ljavax/servlet/http/HttpServletRequest;Ljavax/servlet/http/HttpServletResponse;)V+71
j  org.springframework.web.servlet.FrameworkServlet.doGet(Ljavax/servlet/http/HttpServletRequest;Ljavax/servlet/http/HttpServletResponse;)V+3
j  javax.servlet.http.HttpServlet.service(Ljavax/servlet/http/HttpServletRequest;Ljavax/servlet/http/HttpServletResponse;)V+35
j  org.springframework.web.servlet.FrameworkServlet.service(Ljavax/servlet/http/HttpServletRequest;Ljavax/servlet/http/HttpServletResponse;)V+33
j  javax.servlet.http.HttpServlet.service(Ljavax/servlet/ServletRequest;Ljavax/servlet/ServletResponse;)V+36
J 18594 c1 org.apache.catalina.core.ApplicationFilterChain.internalDoFilter(Ljavax/servlet/ServletRequest;Ljavax/servlet/ServletResponse;)V (388 bytes) @ 0x000001e03a9ff2ac [0x000001e03a9fe8e0+0x00000000000009cc]
J 18593 c1 org.apache.catalina.core.ApplicationFilterChain.doFilter(Ljavax/servlet/ServletRequest;Ljavax/servlet/ServletResponse;)V (105 bytes) @ 0x000001e03a9fe364 [0x000001e03a9fe2c0+0x00000000000000a4]
j  org.apache.tomcat.websocket.server.WsFilter.doFilter(Ljavax/servlet/ServletRequest;Ljavax/servlet/ServletResponse;Ljavax/servlet/FilterChain;)V+21
J 18594 c1 org.apache.catalina.core.ApplicationFilterChain.internalDoFilter(Ljavax/servlet/ServletRequest;Ljavax/servlet/ServletResponse;)V (388 bytes) @ 0x000001e03a9fed0c [0x000001e03a9fe8e0+0x000000000000042c]
J 18593 c1 org.apache.catalina.core.ApplicationFilterChain.doFilter(Ljavax/servlet/ServletRequest;Ljavax/servlet/ServletResponse;)V (105 bytes) @ 0x000001e03a9fe364 [0x000001e03a9fe2c0+0x00000000000000a4]
j  org.springframework.web.filter.RequestContextFilter.doFilterInternal(Ljavax/servlet/http/HttpServletRequest;Ljavax/servlet/http/HttpServletResponse;Ljavax/servlet/FilterChain;)V+21
J 19288 c1 org.springframework.web.filter.OncePerRequestFilter.doFilter(Ljavax/servlet/ServletRequest;Ljavax/servlet/ServletResponse;Ljavax/servlet/FilterChain;)V (175 bytes) @ 0x000001e03ab81914 [0x000001e03ab80d60+0x0000000000000bb4]
J 18594 c1 org.apache.catalina.core.ApplicationFilterChain.internalDoFilter(Ljavax/servlet/ServletRequest;Ljavax/servlet/ServletResponse;)V (388 bytes) @ 0x000001e03a9fed0c [0x000001e03a9fe8e0+0x000000000000042c]
J 18593 c1 org.apache.catalina.core.ApplicationFilterChain.doFilter(Ljavax/servlet/ServletRequest;Ljavax/servlet/ServletResponse;)V (105 bytes) @ 0x000001e03a9fe364 [0x000001e03a9fe2c0+0x00000000000000a4]
j  org.springframework.web.filter.FormContentFilter.doFilterInternal(Ljavax/servlet/http/HttpServletRequest;Ljavax/servlet/http/HttpServletResponse;Ljavax/servlet/FilterChain;)V+38
J 19288 c1 org.springframework.web.filter.OncePerRequestFilter.doFilter(Ljavax/servlet/ServletRequest;Ljavax/servlet/ServletResponse;Ljavax/servlet/FilterChain;)V (175 bytes) @ 0x000001e03ab81914 [0x000001e03ab80d60+0x0000000000000bb4]
J 18594 c1 org.apache.catalina.core.ApplicationFilterChain.internalDoFilter(Ljavax/servlet/ServletRequest;Ljavax/servlet/ServletResponse;)V (388 bytes) @ 0x000001e03a9fed0c [0x000001e03a9fe8e0+0x000000000000042c]
J 18593 c1 org.apache.catalina.core.ApplicationFilterChain.doFilter(Ljavax/servlet/ServletRequest;Ljavax/servlet/ServletResponse;)V (105 bytes) @ 0x000001e03a9fe364 [0x000001e03a9fe2c0+0x00000000000000a4]
j  org.springframework.web.filter.CharacterEncodingFilter.doFilterInternal(Ljavax/servlet/http/HttpServletRequest;Ljavax/servlet/http/HttpServletResponse;Ljavax/servlet/FilterChain;)V+53
J 19288 c1 org.springframework.web.filter.OncePerRequestFilter.doFilter(Ljavax/servlet/ServletRequest;Ljavax/servlet/ServletResponse;Ljavax/servlet/FilterChain;)V (175 bytes) @ 0x000001e03ab81914 [0x000001e03ab80d60+0x0000000000000bb4]
J 18594 c1 org.apache.catalina.core.ApplicationFilterChain.internalDoFilter(Ljavax/servlet/ServletRequest;Ljavax/servlet/ServletResponse;)V (388 bytes) @ 0x000001e03a9fed0c [0x000001e03a9fe8e0+0x000000000000042c]
J 18593 c1 org.apache.catalina.core.ApplicationFilterChain.doFilter(Ljavax/servlet/ServletRequest;Ljavax/servlet/ServletResponse;)V (105 bytes) @ 0x000001e03a9fe364 [0x000001e03a9fe2c0+0x00000000000000a4]
j  org.apache.catalina.core.StandardWrapperValve.invoke(Lorg/apache/catalina/connector/Request;Lorg/apache/catalina/connector/Response;)V+694
j  org.apache.catalina.core.StandardContextValve.invoke(Lorg/apache/catalina/connector/Request;Lorg/apache/catalina/connector/Response;)V+166
j  org.apache.catalina.authenticator.AuthenticatorBase.invoke(Lorg/apache/catalina/connector/Request;Lorg/apache/catalina/connector/Response;)V+260
j  org.apache.catalina.core.StandardHostValve.invoke(Lorg/apache/catalina/connector/Request;Lorg/apache/catalina/connector/Response;)V+114
j  org.apache.catalina.valves.ErrorReportValve.invoke(Lorg/apache/catalina/connector/Request;Lorg/apache/catalina/connector/Response;)V+6
j  org.apache.catalina.core.StandardEngineValve.invoke(Lorg/apache/catalina/connector/Request;Lorg/apache/catalina/connector/Response;)V+45
j  org.apache.catalina.connector.CoyoteAdapter.service(Lorg/apache/coyote/Request;Lorg/apache/coyote/Response;)V+199
j  org.apache.coyote.http11.Http11Processor.service(Lorg/apache/tomcat/util/net/SocketWrapperBase;)Lorg/apache/tomcat/util/net/AbstractEndpoint$Handler$SocketState;+735
j  org.apache.coyote.AbstractProcessorLight.process(Lorg/apache/tomcat/util/net/SocketWrapperBase;Lorg/apache/tomcat/util/net/SocketEvent;)Lorg/apache/tomcat/util/net/AbstractEndpoint$Handler$SocketState;+170
j  org.apache.coyote.AbstractProtocol$ConnectionHandler.process(Lorg/apache/tomcat/util/net/SocketWrapperBase;Lorg/apache/tomcat/util/net/SocketEvent;)Lorg/apache/tomcat/util/net/AbstractEndpoint$Handler$SocketState;+505
j  org.apache.tomcat.util.net.NioEndpoint$SocketProcessor.doRun()V+214
j  org.apache.tomcat.util.net.SocketProcessorBase.run()V+21
J 16014 c1 java.util.concurrent.ThreadPoolExecutor.runWorker(Ljava/util/concurrent/ThreadPoolExecutor$Worker;)V java.base@15.0.2 (187 bytes) @ 0x000001e03a63956c [0x000001e03a638c40+0x000000000000092c]
J 13736 c1 java.util.concurrent.ThreadPoolExecutor$Worker.run()V java.base@15.0.2 (9 bytes) @ 0x000001e03a1d2fcc [0x000001e03a1d2f40+0x000000000000008c]
J 17903 c1 org.apache.tomcat.util.threads.TaskThread$WrappingRunnable.run()V (25 bytes) @ 0x000001e03983ad14 [0x000001e03983ac00+0x0000000000000114]
J 16863 c2 java.lang.Thread.run()V java.base@15.0.2 (17 bytes) @ 0x000001e040f43d70 [0x000001e040f43d20+0x0000000000000050]
v  ~StubRoutines::call_stub

---------------  P R O C E S S  ---------------

Threads class SMR info:
_java_thread_list=0x000001e0599493a0, length=19, elements={
0x000001e05491c0e0, 0x000001e054923e20, 0x000001e05495b020, 0x000001e05495d8f0,
0x000001e05494b910, 0x000001e054965ed0, 0x000001e05494fed0, 0x000001e054979b00,
0x000001e054b03010, 0x000001e054bbcc90, 0x000001e054cab0e0, 0x000001e054cac1e0,
0x000001e0555e9800, 0x000001e057836d50, 0x000001e058215ed0, 0x000001e0600c6840,
0x000001e0556b1fd0, 0x000001e0556b1160, 0x000001e0556b07c0
}

Java Threads: ( => current thread )
  0x000001e05491c0e0 JavaThread "Reference Handler" daemon [_thread_blocked, id=13364, stack(0x000000d6cd600000,0x000000d6cd700000)]
  0x000001e054923e20 JavaThread "Finalizer" daemon [_thread_blocked, id=15260, stack(0x000000d6cd700000,0x000000d6cd800000)]
  0x000001e05495b020 JavaThread "Signal Dispatcher" daemon [_thread_blocked, id=1600, stack(0x000000d6cd800000,0x000000d6cd900000)]
  0x000001e05495d8f0 JavaThread "Attach Listener" daemon [_thread_blocked, id=23296, stack(0x000000d6cd900000,0x000000d6cda00000)]
  0x000001e05494b910 JavaThread "Service Thread" daemon [_thread_blocked, id=24324, stack(0x000000d6cda00000,0x000000d6cdb00000)]
  0x000001e054965ed0 JavaThread "C2 CompilerThread0" daemon [_thread_blocked, id=25004, stack(0x000000d6cdb00000,0x000000d6cdc00000)]
  0x000001e05494fed0 JavaThread "C1 CompilerThread0" daemon [_thread_blocked, id=13068, stack(0x000000d6cdc00000,0x000000d6cdd00000)]
  0x000001e054979b00 JavaThread "Sweeper thread" daemon [_thread_blocked, id=7880, stack(0x000000d6cdd00000,0x000000d6cde00000)]
  0x000001e054b03010 JavaThread "Common-Cleaner" daemon [_thread_blocked, id=2252, stack(0x000000d6cde00000,0x000000d6cdf00000)]
  0x000001e054bbcc90 JavaThread "JDWP Transport Listener: dt_socket" daemon [_thread_blocked, id=6956, stack(0x000000d6cdf00000,0x000000d6ce000000)]
  0x000001e054cab0e0 JavaThread "JDWP Event Helper Thread" daemon [_thread_blocked, id=2084, stack(0x000000d6ce000000,0x000000d6ce100000)]
  0x000001e054cac1e0 JavaThread "JDWP Command Reader" daemon [_thread_in_native, id=2640, stack(0x000000d6ce100000,0x000000d6ce200000)]
  0x000001e0555e9800 JavaThread "Notification Thread" daemon [_thread_blocked, id=22520, stack(0x000000d6ce400000,0x000000d6ce500000)]
  0x000001e057836d50 JavaThread "mysql-cj-abandoned-connection-cleanup" daemon [_thread_blocked, id=17148, stack(0x000000d6cf400000,0x000000d6cf500000)]
  0x000001e058215ed0 JavaThread "Live Reload Server" daemon [_thread_in_native, id=20140, stack(0x000000d6cfa00000,0x000000d6cfb00000)]
  0x000001e0600c6840 JavaThread "DestroyJavaVM" [_thread_blocked, id=1408, stack(0x000000d6ccf00000,0x000000d6cd000000)]
  0x000001e0556b1fd0 JavaThread "http-nio-8080-exec-1" daemon [_thread_blocked, id=19128, stack(0x000000d6cfd00000,0x000000d6cfe00000)]
  0x000001e0556b1160 JavaThread "http-nio-8080-Acceptor" daemon [_thread_blocked, id=5924, stack(0x000000d6d0b00000,0x000000d6d0c00000)]
  0x000001e0556b07c0 JavaThread "Thread-8418" [_thread_blocked, id=21396, stack(0x000000d6cec00000,0x000000d6ced00000)]

Other Threads:
  0x000001e054903db0 VMThread "VM Thread" [stack: 0x000000d6cd500000,0x000000d6cd600000] [id=11572]
  0x000001e0555e9cd0 WatcherThread [stack: 0x000000d6ce500000,0x000000d6ce600000] [id=13588]
  0x000001e034d41a20 GCTaskThread "GC Thread#0" [stack: 0x000000d6cd000000,0x000000d6cd100000] [id=10956]
=>0x000001e0557361d0 GCTaskThread "GC Thread#1" [stack: 0x000000d6ce600000,0x000000d6ce700000] [id=5908]
  0x000001e055736b60 GCTaskThread "GC Thread#2" [stack: 0x000000d6ce700000,0x000000d6ce800000] [id=16080]
  0x000001e055735ea0 GCTaskThread "GC Thread#3" [stack: 0x000000d6ce800000,0x000000d6ce900000] [id=3404]
  0x000001e055736e90 GCTaskThread "GC Thread#4" [stack: 0x000000d6ce900000,0x000000d6cea00000] [id=18304]
  0x000001e055733b90 GCTaskThread "GC Thread#5" [stack: 0x000000d6cea00000,0x000000d6ceb00000] [id=2200]
  0x000001e055736830 GCTaskThread "GC Thread#6" [stack: 0x000000d6cee00000,0x000000d6cef00000] [id=3436]
  0x000001e055735840 GCTaskThread "GC Thread#7" [stack: 0x000000d6cef00000,0x000000d6cf000000] [id=12732]
  0x000001e0557351e0 GCTaskThread "GC Thread#8" [stack: 0x000000d6cf600000,0x000000d6cf700000] [id=288]
  0x000001e055735510 GCTaskThread "GC Thread#9" [stack: 0x000000d6cf700000,0x000000d6cf800000] [id=13808]
  0x000001e034d532e0 ConcurrentGCThread "G1 Main Marker" [stack: 0x000000d6cd100000,0x000000d6cd200000] [id=5492]
  0x000001e034d54df0 ConcurrentGCThread "G1 Conc#0" [stack: 0x000000d6cd200000,0x000000d6cd300000] [id=2384]
  0x000001e055734520 ConcurrentGCThread "G1 Conc#1" [stack: 0x000000d6cf000000,0x000000d6cf100000] [id=22764]
  0x000001e055734850 ConcurrentGCThread "G1 Conc#2" [stack: 0x000000d6cf100000,0x000000d6cf200000] [id=22752]
  0x000001e034db3a60 ConcurrentGCThread "G1 Refine#0" [stack: 0x000000d6cd300000,0x000000d6cd400000] [id=9332]
  0x000001e053f33630 ConcurrentGCThread "G1 Young RemSet Sampling" [stack: 0x000000d6cd400000,0x000000d6cd500000] [id=13684]

Threads with active compile tasks:
C2 CompilerThread0  3210089 20720       4       java.util.concurrent.ConcurrentHashMap::keySet (5 bytes)

VM state: at safepoint (normal execution)

VM Mutex/Monitor currently owned by a thread:  ([mutex/lock_event])
[0x000001e034ceacd0] Threads_lock - owner thread: 0x000001e054903db0
[0x000001e034ce9bf0] Heap_lock - owner thread: 0x000001e0556b07c0

Heap address: 0x0000000700c00000, size: 4084 MB, Compressed Oops mode: Zero based, Oop shift amount: 3
CDS disabled.
Compressed class space mapped at: 0x0000000800000000-0x0000000840000000, size: 1073741824
Narrow klass base: 0x0000000800000000, Narrow klass shift: 0, Narrow klass range: 0x40000000

GC Precious Log:
 CPUs: 12 total, 12 available
 Memory: 16330M
 Large Page Support: Disabled
 NUMA Support: Disabled
 Compressed Oops: Enabled (Zero based)
 Heap Region Size: 2M
 Heap Min Capacity: 8M
 Heap Initial Capacity: 256M
 Heap Max Capacity: 4084M
 Pre-touch: Disabled
 Parallel Workers: 10
 Concurrent Workers: 3
 Concurrent Refinement Workers: 10
 Periodic GC: Disabled

Heap:
 garbage-first heap   total 81920K, used 62057K [0x0000000700c00000, 0x0000000800000000)
  region size 2048K, 10 young (20480K), 2 survivors (4096K)
 Metaspace       used 101817K, capacity 105275K, committed 105600K, reserved 1142784K
  class space    used 11070K, capacity 12297K, committed 12416K, reserved 1048576K

Heap Regions: E=young(eden), S=young(survivor), O=old, HS=humongous(starts), HC=humongous(continues), CS=collection set, F=free, OA=open archive, CA=closed archive, TAMS=top-at-mark-start (previous, next)
|   0|0x0000000700c00000, 0x0000000700dffff8, 0x0000000700e00000| 99%| O|  |TAMS 0x0000000700c00000, 0x0000000700c00000| Untracked 
|   1|0x0000000700e00000, 0x0000000700ffffd0, 0x0000000701000000| 99%| O|  |TAMS 0x0000000700e00000, 0x0000000700e00000| Untracked 
|   2|0x0000000701000000, 0x00000007011fffb0, 0x0000000701200000| 99%| O|  |TAMS 0x0000000701000000, 0x0000000701000000| Untracked 
|   3|0x0000000701200000, 0x0000000701400000, 0x0000000701400000|100%| O|  |TAMS 0x0000000701200000, 0x0000000701200000| Untracked 
|   4|0x0000000701400000, 0x0000000701600000, 0x0000000701600000|100%| O|  |TAMS 0x0000000701400000, 0x0000000701400000| Untracked 
|   5|0x0000000701600000, 0x00000007017ffff0, 0x0000000701800000| 99%| O|  |TAMS 0x0000000701600000, 0x0000000701600000| Untracked 
|   6|0x0000000701800000, 0x00000007019ffff0, 0x0000000701a00000| 99%| O|  |TAMS 0x0000000701800000, 0x0000000701800000| Untracked 
|   7|0x0000000701a00000, 0x0000000701bfffe8, 0x0000000701c00000| 99%| O|  |TAMS 0x0000000701a00000, 0x0000000701a00000| Untracked 
|   8|0x0000000701c00000, 0x0000000701dfffb8, 0x0000000701e00000| 99%| O|  |TAMS 0x0000000701c00000, 0x0000000701c00000| Untracked 
|   9|0x0000000701e00000, 0x0000000701ffffe8, 0x0000000702000000| 99%| O|  |TAMS 0x0000000701e00000, 0x0000000701e00000| Untracked 
|  10|0x0000000702000000, 0x00000007021ffff8, 0x0000000702200000| 99%| O|  |TAMS 0x0000000702000000, 0x0000000702000000| Untracked 
|  11|0x0000000702200000, 0x00000007023ffff8, 0x0000000702400000| 99%| O|  |TAMS 0x0000000702200000, 0x0000000702200000| Untracked 
|  12|0x0000000702400000, 0x00000007025ffff0, 0x0000000702600000| 99%| O|  |TAMS 0x0000000702400000, 0x0000000702400000| Untracked 
|  13|0x0000000702600000, 0x0000000702800000, 0x0000000702800000|100%| O|  |TAMS 0x0000000702600000, 0x0000000702600000| Untracked 
|  14|0x0000000702800000, 0x00000007029fffe8, 0x0000000702a00000| 99%| O|  |TAMS 0x0000000702800000, 0x0000000702800000| Untracked 
|  15|0x0000000702a00000, 0x0000000702c00000, 0x0000000702c00000|100%| O|  |TAMS 0x0000000702a00000, 0x0000000702a00000| Untracked 
|  16|0x0000000702c00000, 0x0000000702dfffc8, 0x0000000702e00000| 99%| O|  |TAMS 0x0000000702c00000, 0x0000000702c00000| Untracked 
|  17|0x0000000702e00000, 0x0000000702fffff8, 0x0000000703000000| 99%| O|  |TAMS 0x0000000702e00000, 0x0000000702e00000| Untracked 
|  18|0x0000000703000000, 0x00000007031fffe8, 0x0000000703200000| 99%| O|  |TAMS 0x0000000703000000, 0x0000000703000000| Untracked 
|  19|0x0000000703200000, 0x000000070334fb88, 0x0000000703400000| 65%| O|  |TAMS 0x0000000703200000, 0x0000000703200000| Untracked 
|  20|0x0000000703400000, 0x000000070351c628, 0x0000000703600000| 55%| O|  |TAMS 0x0000000703400000, 0x0000000703400000| Untracked 
|  21|0x0000000703600000, 0x0000000703647f18, 0x0000000703800000| 14%| O|  |TAMS 0x0000000703600000, 0x0000000703600000| Untracked 
|  22|0x0000000703800000, 0x00000007038f2eb8, 0x0000000703a00000| 47%| O|  |TAMS 0x0000000703800000, 0x0000000703800000| Untracked 
|  23|0x0000000703a00000, 0x0000000703bc5000, 0x0000000703c00000| 88%| O|  |TAMS 0x0000000703a00000, 0x0000000703a00000| Untracked 
|  24|0x0000000703c00000, 0x0000000703c00000, 0x0000000703e00000|  0%| F|  |TAMS 0x0000000703c00000, 0x0000000703c00000| Untracked 
|  25|0x0000000703e00000, 0x0000000703e00000, 0x0000000704000000|  0%| F|  |TAMS 0x0000000703e00000, 0x0000000703e00000| Untracked 
|  26|0x0000000704000000, 0x0000000704000000, 0x0000000704200000|  0%| F|  |TAMS 0x0000000704000000, 0x0000000704000000| Untracked 
|  27|0x0000000704200000, 0x0000000704200000, 0x0000000704400000|  0%| F|  |TAMS 0x0000000704200000, 0x0000000704200000| Untracked 
|  28|0x0000000704400000, 0x0000000704400000, 0x0000000704600000|  0%| F|  |TAMS 0x0000000704400000, 0x0000000704400000| Untracked 
|  29|0x0000000704600000, 0x0000000704665840, 0x0000000704800000| 19%| S|  |TAMS 0x0000000704600000, 0x0000000704600000| Complete 
|  30|0x0000000704800000, 0x0000000704800000, 0x0000000704a00000|  0%| F|  |TAMS 0x0000000704800000, 0x0000000704800000| Untracked 
|  31|0x0000000704a00000, 0x0000000704c00000, 0x0000000704c00000|100%| S|  |TAMS 0x0000000704a00000, 0x0000000704a00000| Complete 
|  32|0x0000000704c00000, 0x0000000704cc8e10, 0x0000000704e00000| 39%| E|  |TAMS 0x0000000704c00000, 0x0000000704c00000| Complete 
|  33|0x0000000704e00000, 0x0000000705000000, 0x0000000705000000|100%| E|  |TAMS 0x0000000704e00000, 0x0000000704e00000| Complete 
|  34|0x0000000705000000, 0x0000000705200000, 0x0000000705200000|100%| E|  |TAMS 0x0000000705000000, 0x0000000705000000| Complete 
|  35|0x0000000705200000, 0x0000000705400000, 0x0000000705400000|100%| E|  |TAMS 0x0000000705200000, 0x0000000705200000| Complete 
|  36|0x0000000705400000, 0x0000000705600000, 0x0000000705600000|100%| E|  |TAMS 0x0000000705400000, 0x0000000705400000| Complete 
|  37|0x0000000705600000, 0x0000000705800000, 0x0000000705800000|100%| E|  |TAMS 0x0000000705600000, 0x0000000705600000| Complete 
|  38|0x0000000705800000, 0x0000000705a00000, 0x0000000705a00000|100%| E|  |TAMS 0x0000000705800000, 0x0000000705800000| Complete 
|  39|0x0000000705a00000, 0x0000000705c00000, 0x0000000705c00000|100%| E|  |TAMS 0x0000000705a00000, 0x0000000705a00000| Complete 

Card table byte_map: [0x000001e048460000,0x000001e048c60000] _byte_map_base: 0x000001e044c5a000

Marking Bits (Prev, Next): (CMBitMap*) 0x000001e034d421a0, (CMBitMap*) 0x000001e034d421e0
 Prev Bits: [0x000001e049460000, 0x000001e04d430000)
 Next Bits: [0x000001e04d430000, 0x000001e051400000)

Polling page: 0x000001e0344c0000

Metaspace:

Usage:
  Non-class:     90.80 MB capacity,    88.62 MB ( 98%) used,     1.97 MB (  2%) free+waste,   211.62 KB ( <1%) overhead. 
      Class:     12.01 MB capacity,    10.81 MB ( 90%) used,     1.11 MB (  9%) free+waste,    88.69 KB ( <1%) overhead. 
       Both:    102.81 MB capacity,    99.43 MB ( 97%) used,     3.08 MB (  3%) free+waste,   300.31 KB ( <1%) overhead. 

Virtual space:
  Non-class space:       92.00 MB reserved,      91.00 MB ( 99%) committed 
      Class space:        1.00 GB reserved,      12.12 MB (  1%) committed 
             Both:        1.09 GB reserved,     103.12 MB (  9%) committed 

Chunk freelists:
   Non-Class:  14.00 KB
       Class:  23.00 KB
        Both:  37.00 KB

MaxMetaspaceSize: 17179869184.00 GB
CompressedClassSpaceSize: 1.00 GB

CodeHeap 'non-profiled nmethods': size=120000Kb used=18240Kb max_used=18240Kb free=101760Kb
 bounds [0x000001e0401d0000, 0x000001e0413a0000, 0x000001e047700000]
CodeHeap 'profiled nmethods': size=120000Kb used=32147Kb max_used=32147Kb free=87852Kb
 bounds [0x000001e038ca0000, 0x000001e03ac10000, 0x000001e0401d0000]
CodeHeap 'non-nmethods': size=5760Kb used=1435Kb max_used=1547Kb free=4324Kb
 bounds [0x000001e038700000, 0x000001e038970000, 0x000001e038ca0000]
 total_blobs=16080 nmethods=15439 adapters=552
 compilation: enabled
              stopped_count=0, restarted_count=0
 full_count=0

Compilation events (20 events):
Event: 3158.964 Thread 0x000001e05494fed0 20711       1       org.apache.coyote.http11.AbstractHttp11Protocol::getServerRemoveAppProvidedValues (5 bytes)
Event: 3158.964 Thread 0x000001e05494fed0 nmethod 20711 0x000001e04139dc10 code [0x000001e04139dda0, 0x000001e04139de58]
Event: 3158.964 Thread 0x000001e05494fed0 20712       1       org.apache.coyote.Request::getBytesRead (5 bytes)
Event: 3158.965 Thread 0x000001e05494fed0 nmethod 20712 0x000001e04139df10 code [0x000001e04139e0a0, 0x000001e04139e158]
Event: 3158.965 Thread 0x000001e05494fed0 20713       1       org.apache.coyote.Response::getContentWritten (5 bytes)
Event: 3158.965 Thread 0x000001e05494fed0 nmethod 20713 0x000001e04139e210 code [0x000001e04139e3a0, 0x000001e04139e458]
Event: 3158.969 Thread 0x000001e054965ed0 nmethod 20695 0x000001e04139e510 code [0x000001e04139e6e0, 0x000001e04139f428]
Event: 3159.014 Thread 0x000001e05494fed0 20714       3       ch.qos.logback.classic.spi.ThrowableProxyUtil::steArrayToStepArray (44 bytes)
Event: 3159.014 Thread 0x000001e05494fed0 nmethod 20714 0x000001e03ac06410 code [0x000001e03ac06600, 0x000001e03ac06da8]
Event: 3159.015 Thread 0x000001e05494fed0 20715       3       ch.qos.logback.classic.spi.PackagingDataCalculator::populateUncommonFrames (45 bytes)
Event: 3159.015 Thread 0x000001e05494fed0 nmethod 20715 0x000001e03ac07010 code [0x000001e03ac07200, 0x000001e03ac07658]
Event: 3162.356 Thread 0x000001e05494fed0 20716   !   3       sun.nio.ch.SocketChannelImpl::setOption (178 bytes)
Event: 3162.358 Thread 0x000001e05494fed0 nmethod 20716 0x000001e03ac07890 code [0x000001e03ac07ce0, 0x000001e03ac099f8]
Event: 3162.358 Thread 0x000001e05494fed0 20717       3       sun.nio.ch.SocketChannelImpl::supportedOptions (4 bytes)
Event: 3162.358 Thread 0x000001e05494fed0 nmethod 20717 0x000001e0396b7090 code [0x000001e0396b7220, 0x000001e0396b7338]
Event: 3162.358 Thread 0x000001e05494fed0 20718       1       org.apache.tomcat.util.threads.LimitLatch::access$100 (5 bytes)
Event: 3162.358 Thread 0x000001e05494fed0 nmethod 20718 0x000001e04139fa10 code [0x000001e04139fba0, 0x000001e04139fc38]
Event: 3162.358 Thread 0x000001e05494fed0 20719       1       org.apache.tomcat.util.threads.LimitLatch::access$200 (5 bytes)
Event: 3162.358 Thread 0x000001e05494fed0 nmethod 20719 0x000001e04139fd10 code [0x000001e04139fea0, 0x000001e04139ff38]
Event: 3210.077 Thread 0x000001e054965ed0 20720       4       java.util.concurrent.ConcurrentHashMap::keySet (5 bytes)

GC Heap History (20 events):
Event: 2960.753 GC heap after
{Heap after GC invocations=237 (full 44):
 garbage-first heap   total 81920K, used 43367K [0x0000000700c00000, 0x0000000800000000)
  region size 2048K, 2 young (4096K), 2 survivors (4096K)
 Metaspace       used 100841K, capacity 104409K, committed 104704K, reserved 1142784K
  class space    used 10972K, capacity 12185K, committed 12288K, reserved 1048576K
}
Event: 2960.815 GC heap before
{Heap before GC invocations=237 (full 44):
 garbage-first heap   total 81920K, used 63847K [0x0000000700c00000, 0x0000000800000000)
  region size 2048K, 12 young (24576K), 2 survivors (4096K)
 Metaspace       used 100938K, capacity 104481K, committed 104704K, reserved 1142784K
  class space    used 10979K, capacity 12186K, committed 12288K, reserved 1048576K
}
Event: 2960.818 GC heap after
{Heap after GC invocations=238 (full 44):
 garbage-first heap   total 81920K, used 44790K [0x0000000700c00000, 0x0000000800000000)
  region size 2048K, 2 young (4096K), 2 survivors (4096K)
 Metaspace       used 100938K, capacity 104481K, committed 104704K, reserved 1142784K
  class space    used 10979K, capacity 12186K, committed 12288K, reserved 1048576K
}
Event: 3120.999 GC heap before
{Heap before GC invocations=238 (full 44):
 garbage-first heap   total 81920K, used 63222K [0x0000000700c00000, 0x0000000800000000)
  region size 2048K, 11 young (22528K), 2 survivors (4096K)
 Metaspace       used 101049K, capacity 104551K, committed 104704K, reserved 1142784K
  class space    used 10984K, capacity 12187K, committed 12288K, reserved 1048576K
}
Event: 3121.002 GC heap after
{Heap after GC invocations=239 (full 44):
 garbage-first heap   total 81920K, used 45399K [0x0000000700c00000, 0x0000000800000000)
  region size 2048K, 2 young (4096K), 2 survivors (4096K)
 Metaspace       used 101049K, capacity 104551K, committed 104704K, reserved 1142784K
  class space    used 10984K, capacity 12187K, committed 12288K, reserved 1048576K
}
Event: 3143.215 GC heap before
{Heap before GC invocations=239 (full 44):
 garbage-first heap   total 81920K, used 47447K [0x0000000700c00000, 0x0000000800000000)
  region size 2048K, 4 young (8192K), 2 survivors (4096K)
 Metaspace       used 101213K, capacity 104653K, committed 104960K, reserved 1142784K
  class space    used 11009K, capacity 12221K, committed 12288K, reserved 1048576K
}
Event: 3143.265 GC heap after
{Heap after GC invocations=240 (full 45):
 garbage-first heap   total 81920K, used 42651K [0x0000000700c00000, 0x0000000800000000)
  region size 2048K, 0 young (0K), 0 survivors (0K)
 Metaspace       used 101209K, capacity 104647K, committed 104960K, reserved 1142784K
  class space    used 11008K, capacity 12220K, committed 12288K, reserved 1048576K
}
Event: 3143.365 GC heap before
{Heap before GC invocations=240 (full 45):
 garbage-first heap   total 81920K, used 65179K [0x0000000700c00000, 0x0000000800000000)
  region size 2048K, 11 young (22528K), 0 survivors (0K)
 Metaspace       used 101223K, capacity 104665K, committed 104960K, reserved 1142784K
  class space    used 11011K, capacity 12224K, committed 12288K, reserved 1048576K
}
Event: 3143.367 GC heap after
{Heap after GC invocations=241 (full 45):
 garbage-first heap   total 81920K, used 44111K [0x0000000700c00000, 0x0000000800000000)
  region size 2048K, 1 young (2048K), 1 survivors (2048K)
 Metaspace       used 101223K, capacity 104665K, committed 104960K, reserved 1142784K
  class space    used 11011K, capacity 12224K, committed 12288K, reserved 1048576K
}
Event: 3143.546 GC heap before
{Heap before GC invocations=241 (full 45):
 garbage-first heap   total 81920K, used 62543K [0x0000000700c00000, 0x0000000800000000)
  region size 2048K, 11 young (22528K), 1 survivors (2048K)
 Metaspace       used 101280K, capacity 104769K, committed 104960K, reserved 1142784K
  class space    used 11017K, capacity 12260K, committed 12288K, reserved 1048576K
}
Event: 3143.549 GC heap after
{Heap after GC invocations=242 (full 45):
 garbage-first heap   total 81920K, used 44699K [0x0000000700c00000, 0x0000000800000000)
  region size 2048K, 1 young (2048K), 1 survivors (2048K)
 Metaspace       used 101280K, capacity 104769K, committed 104960K, reserved 1142784K
  class space    used 11017K, capacity 12260K, committed 12288K, reserved 1048576K
}
Event: 3143.551 GC heap before
{Heap before GC invocations=242 (full 45):
 garbage-first heap   total 81920K, used 63131K [0x0000000700c00000, 0x0000000800000000)
  region size 2048K, 11 young (22528K), 1 survivors (2048K)
 Metaspace       used 101280K, capacity 104769K, committed 104960K, reserved 1142784K
  class space    used 11017K, capacity 12260K, committed 12288K, reserved 1048576K
}
Event: 3143.553 GC heap after
{Heap after GC invocations=243 (full 45):
 garbage-first heap   total 81920K, used 44699K [0x0000000700c00000, 0x0000000800000000)
  region size 2048K, 1 young (2048K), 1 survivors (2048K)
 Metaspace       used 101280K, capacity 104769K, committed 104960K, reserved 1142784K
  class space    used 11017K, capacity 12260K, committed 12288K, reserved 1048576K
}
Event: 3143.586 GC heap before
{Heap before GC invocations=243 (full 45):
 garbage-first heap   total 81920K, used 63131K [0x0000000700c00000, 0x0000000800000000)
  region size 2048K, 11 young (22528K), 1 survivors (2048K)
 Metaspace       used 101280K, capacity 104769K, committed 104960K, reserved 1142784K
  class space    used 11017K, capacity 12260K, committed 12288K, reserved 1048576K
}
Event: 3143.588 GC heap after
{Heap after GC invocations=244 (full 45):
 garbage-first heap   total 81920K, used 45011K [0x0000000700c00000, 0x0000000800000000)
  region size 2048K, 2 young (4096K), 2 survivors (4096K)
 Metaspace       used 101280K, capacity 104769K, committed 104960K, reserved 1142784K
  class space    used 11017K, capacity 12260K, committed 12288K, reserved 1048576K
}
Event: 3143.641 GC heap before
{Heap before GC invocations=244 (full 45):
 garbage-first heap   total 81920K, used 63443K [0x0000000700c00000, 0x0000000800000000)
  region size 2048K, 11 young (22528K), 2 survivors (4096K)
 Metaspace       used 101452K, capacity 104969K, committed 105216K, reserved 1142784K
  class space    used 11029K, capacity 12261K, committed 12288K, reserved 1048576K
}
Event: 3143.644 GC heap after
{Heap after GC invocations=245 (full 45):
 garbage-first heap   total 81920K, used 46441K [0x0000000700c00000, 0x0000000800000000)
  region size 2048K, 2 young (4096K), 2 survivors (4096K)
 Metaspace       used 101452K, capacity 104969K, committed 105216K, reserved 1142784K
  class space    used 11029K, capacity 12261K, committed 12288K, reserved 1048576K
}
Event: 3143.703 GC heap before
{Heap before GC invocations=245 (full 45):
 garbage-first heap   total 81920K, used 62825K [0x0000000700c00000, 0x0000000800000000)
  region size 2048K, 10 young (20480K), 2 survivors (4096K)
 Metaspace       used 101581K, capacity 105042K, committed 105216K, reserved 1142784K
  class space    used 11036K, capacity 12262K, committed 12288K, reserved 1048576K
}
Event: 3143.705 GC heap after
{Heap after GC invocations=246 (full 45):
 garbage-first heap   total 81920K, used 46917K [0x0000000700c00000, 0x0000000800000000)
  region size 2048K, 2 young (4096K), 2 survivors (4096K)
 Metaspace       used 101581K, capacity 105042K, committed 105216K, reserved 1142784K
  class space    used 11036K, capacity 12262K, committed 12288K, reserved 1048576K
}
Event: 3210.078 GC heap before
{Heap before GC invocations=246 (full 45):
 garbage-first heap   total 81920K, used 59205K [0x0000000700c00000, 0x0000000800000000)
  region size 2048K, 10 young (20480K), 2 survivors (4096K)
 Metaspace       used 101817K, capacity 105275K, committed 105600K, reserved 1142784K
  class space    used 11070K, capacity 12297K, committed 12416K, reserved 1048576K
}

Deoptimization events (20 events):
Event: 3210.075 Thread 0x000001e0600c71e0 Uncommon trap: trap_request=0xffffff97 fr.pc=0x000001e04137544c relative=0x00000000000072ec
Event: 3210.075 Thread 0x000001e0600c71e0 Uncommon trap: reason=unhandled action=none pc=0x000001e04137544c method=java.util.concurrent.locks.AbstractQueuedSynchronizer$ConditionObject.await()V @ 151 c2
Event: 3210.075 Thread 0x000001e0600c71e0 DEOPT PACKING pc=0x000001e04137544c sp=0x000000d6d05feda0
Event: 3210.075 Thread 0x000001e0600c71e0 DEOPT UNPACKING pc=0x000001e03874e42f sp=0x000000d6d05fec00 mode 2
Event: 3210.075 Thread 0x000001e05821abd0 Uncommon trap: trap_request=0xffffff97 fr.pc=0x000001e04137438c relative=0x000000000000622c
Event: 3210.075 Thread 0x000001e05821abd0 Uncommon trap: reason=unhandled action=none pc=0x000001e04137438c method=java.util.concurrent.locks.AbstractQueuedSynchronizer$ConditionObject.await()V @ 151 c2
Event: 3210.075 Thread 0x000001e05821abd0 DEOPT PACKING pc=0x000001e04137438c sp=0x000000d6ce3fedb0
Event: 3210.075 Thread 0x000001e05821abd0 DEOPT UNPACKING pc=0x000001e03874e42f sp=0x000000d6ce3fec60 mode 2
Event: 3210.075 Thread 0x000001e058215a00 Uncommon trap: trap_request=0xffffff97 fr.pc=0x000001e04135c81c relative=0x0000000000000f7c
Event: 3210.075 Thread 0x000001e058215a00 Uncommon trap: reason=unhandled action=none pc=0x000001e04135c81c method=java.util.concurrent.locks.AbstractQueuedSynchronizer$ConditionObject.awaitNanos(J)J @ 164 c2
Event: 3210.075 Thread 0x000001e058215a00 DEOPT PACKING pc=0x000001e04135c81c sp=0x000000d6ce2ff320
Event: 3210.075 Thread 0x000001e058215a00 DEOPT UNPACKING pc=0x000001e03874e42f sp=0x000000d6ce2ff2c8 mode 2
Event: 3210.076 Thread 0x000001e058215a00 DEOPT PACKING pc=0x000001e04136efe4 sp=0x000000d6ce2ff3c0
Event: 3210.076 Thread 0x000001e058215a00 DEOPT UNPACKING pc=0x000001e03874e23f sp=0x000000d6ce2fe7f0 mode 1
Event: 3210.076 Thread 0x000001e05821b570 Uncommon trap: trap_request=0xffffff97 fr.pc=0x000001e04135c81c relative=0x0000000000000f7c
Event: 3210.076 Thread 0x000001e05821b570 Uncommon trap: reason=unhandled action=none pc=0x000001e04135c81c method=java.util.concurrent.locks.AbstractQueuedSynchronizer$ConditionObject.awaitNanos(J)J @ 164 c2
Event: 3210.076 Thread 0x000001e05821b570 DEOPT PACKING pc=0x000001e04135c81c sp=0x000000d6cedfed00
Event: 3210.076 Thread 0x000001e05821b570 DEOPT UNPACKING pc=0x000001e03874e42f sp=0x000000d6cedfeca8 mode 2
Event: 3210.076 Thread 0x000001e05821b570 DEOPT PACKING pc=0x000001e04136efe4 sp=0x000000d6cedfeda0
Event: 3210.076 Thread 0x000001e05821b570 DEOPT UNPACKING pc=0x000001e03874e23f sp=0x000000d6cedfe1d0 mode 1

Classes unloaded (20 events):
Event: 1300.007 Thread 0x000001e054903db0 Unloading class 0x0000000800ac7c40 'jdk/internal/reflect/GeneratedSerializationConstructorAccessor34'
Event: 1300.007 Thread 0x000001e054903db0 Unloading class 0x0000000800ac1040 'org/apache/catalina/loader/JdbcLeakPrevention'
Event: 1301.788 Thread 0x000001e054903db0 Unloading class 0x0000000800ac7c40 'jdk/internal/reflect/GeneratedSerializationConstructorAccessor35'
Event: 1301.788 Thread 0x000001e054903db0 Unloading class 0x0000000800b07840 'org/apache/catalina/loader/JdbcLeakPrevention'
Event: 1397.973 Thread 0x000001e054903db0 Unloading class 0x0000000800ac7c40 'jdk/internal/reflect/GeneratedSerializationConstructorAccessor36'
Event: 1397.973 Thread 0x000001e054903db0 Unloading class 0x0000000800b05040 'org/apache/catalina/loader/JdbcLeakPrevention'
Event: 1550.796 Thread 0x000001e054903db0 Unloading class 0x0000000800ac7c40 'jdk/internal/reflect/GeneratedSerializationConstructorAccessor37'
Event: 1550.796 Thread 0x000001e054903db0 Unloading class 0x0000000800b02040 'org/apache/catalina/loader/JdbcLeakPrevention'
Event: 1582.874 Thread 0x000001e054903db0 Unloading class 0x0000000800ac7c40 'jdk/internal/reflect/GeneratedSerializationConstructorAccessor38'
Event: 1582.874 Thread 0x000001e054903db0 Unloading class 0x0000000800b3c040 'org/apache/catalina/loader/JdbcLeakPrevention'
Event: 1692.667 Thread 0x000001e054903db0 Unloading class 0x0000000800ac7c40 'jdk/internal/reflect/GeneratedSerializationConstructorAccessor39'
Event: 1692.667 Thread 0x000001e054903db0 Unloading class 0x0000000800b39840 'org/apache/catalina/loader/JdbcLeakPrevention'
Event: 2438.539 Thread 0x000001e054903db0 Unloading class 0x0000000800ac7c40 'jdk/internal/reflect/GeneratedSerializationConstructorAccessor40'
Event: 2438.539 Thread 0x000001e054903db0 Unloading class 0x0000000800b6d040 'org/apache/catalina/loader/JdbcLeakPrevention'
Event: 2699.567 Thread 0x000001e054903db0 Unloading class 0x0000000800ac7c40 'jdk/internal/reflect/GeneratedSerializationConstructorAccessor41'
Event: 2712.760 Thread 0x000001e054903db0 Unloading class 0x0000000800ac7c40 'jdk/internal/reflect/GeneratedSerializationConstructorAccessor42'
Event: 2921.879 Thread 0x000001e054903db0 Unloading class 0x0000000800ac7c40 'jdk/internal/reflect/GeneratedSerializationConstructorAccessor43'
Event: 2921.879 Thread 0x000001e054903db0 Unloading class 0x0000000800b89840 'org/apache/catalina/loader/JdbcLeakPrevention'
Event: 2960.450 Thread 0x000001e054903db0 Unloading class 0x0000000800ac7c40 'jdk/internal/reflect/GeneratedSerializationConstructorAccessor44'
Event: 3143.228 Thread 0x000001e054903db0 Unloading class 0x0000000800ac7c40 'jdk/internal/reflect/GeneratedSerializationConstructorAccessor45'

Classes redefined (20 events):
Event: 3208.995 Thread 0x000001e054903db0 redefined class name=br.com.loja.mvc.sergio.controller.HomeController, count=43
Event: 3208.995 Thread 0x000001e054903db0 redefined class name=br.com.loja.mvc.sergio.controller.HomeController, count=5
Event: 3208.995 Thread 0x000001e054903db0 redefined class name=br.com.loja.mvc.sergio.controller.HomeController, count=28
Event: 3208.995 Thread 0x000001e054903db0 redefined class name=br.com.loja.mvc.sergio.controller.HomeController, count=31
Event: 3208.995 Thread 0x000001e054903db0 redefined class name=br.com.loja.mvc.sergio.controller.HomeController, count=23
Event: 3208.995 Thread 0x000001e054903db0 redefined class name=br.com.loja.mvc.sergio.controller.HomeController, count=4
Event: 3208.995 Thread 0x000001e054903db0 redefined class name=br.com.loja.mvc.sergio.controller.HomeController, count=21
Event: 3208.995 Thread 0x000001e054903db0 redefined class name=br.com.loja.mvc.sergio.controller.HomeController, count=34
Event: 3208.995 Thread 0x000001e054903db0 redefined class name=br.com.loja.mvc.sergio.controller.HomeController, count=17
Event: 3208.995 Thread 0x000001e054903db0 redefined class name=br.com.loja.mvc.sergio.controller.HomeController, count=26
Event: 3208.995 Thread 0x000001e054903db0 redefined class name=br.com.loja.mvc.sergio.controller.HomeController, count=37
Event: 3208.995 Thread 0x000001e054903db0 redefined class name=br.com.loja.mvc.sergio.controller.HomeController, count=43
Event: 3208.995 Thread 0x000001e054903db0 redefined class name=br.com.loja.mvc.sergio.controller.HomeController, count=19
Event: 3208.995 Thread 0x000001e054903db0 redefined class name=br.com.loja.mvc.sergio.controller.HomeController, count=40
Event: 3208.995 Thread 0x000001e054903db0 redefined class name=br.com.loja.mvc.sergio.controller.HomeController, count=43
Event: 3208.995 Thread 0x000001e054903db0 redefined class name=br.com.loja.mvc.sergio.controller.HomeController, count=2
Event: 3208.995 Thread 0x000001e054903db0 redefined class name=br.com.loja.mvc.sergio.controller.HomeController, count=24
Event: 3208.995 Thread 0x000001e054903db0 redefined class name=br.com.loja.mvc.sergio.controller.HomeController, count=12
Event: 3208.995 Thread 0x000001e054903db0 redefined class name=br.com.loja.mvc.sergio.controller.HomeController, count=30
Event: 3208.995 Thread 0x000001e054903db0 redefined class name=br.com.loja.mvc.sergio.controller.HomeController, count=7

Internal exceptions (20 events):
Event: 3143.213 Thread 0x000001e0556ad7a0 Exception <a 'java/lang/InterruptedException'{0x0000000705969230}: sleep interrupted> (0x0000000705969230) 
thrown [./open/src/hotspot/share/prims/jvm.cpp, line 3278]
Event: 3143.274 Thread 0x000001e05821a230 Exception <a 'java/io/FileNotFoundException'{0x0000000705a97a50}> (0x0000000705a97a50) 
thrown [./open/src/hotspot/share/prims/jni.cpp, line 578]
Event: 3143.564 Thread 0x000001e05821a230 Exception <a 'java/io/FileNotFoundException'{0x0000000704c760a0}> (0x0000000704c760a0) 
thrown [./open/src/hotspot/share/prims/jni.cpp, line 578]
Event: 3143.575 Thread 0x000001e05821a230 Exception <a 'java/io/FileNotFoundException'{0x0000000704a09da8}> (0x0000000704a09da8) 
thrown [./open/src/hotspot/share/prims/jni.cpp, line 578]
Event: 3143.661 Thread 0x000001e05821a230 Exception <a 'java/lang/ClassNotFoundException'{0x0000000705639868}: java/lang/ObjectCustomizer> (0x0000000705639868) 
thrown [./open/src/hotspot/share/classfile/systemDictionary.cpp, line 295]
Event: 3143.661 Thread 0x000001e05821a230 Exception <a 'java/lang/ClassNotFoundException'{0x0000000705641b90}: br/com/loja/mvc/sergio/model/ClienteCustomizer> (0x0000000705641b90) 
thrown [./open/src/hotspot/share/classfile/systemDictionary.cpp, line 295]
Event: 3143.674 Thread 0x000001e05821a230 Exception <a 'java/lang/ClassNotFoundException'{0x000000070531d188}: java/lang/ObjectCustomizer> (0x000000070531d188) 
thrown [./open/src/hotspot/share/classfile/systemDictionary.cpp, line 295]
Event: 3143.675 Thread 0x000001e05821a230 Exception <a 'java/lang/ClassNotFoundException'{0x0000000705325260}: br/com/loja/mvc/sergio/model/ParcelaCustomizer> (0x0000000705325260) 
thrown [./open/src/hotspot/share/classfile/systemDictionary.cpp, line 295]
Event: 3143.676 Thread 0x000001e05821a230 Exception <a 'java/lang/ClassNotFoundException'{0x000000070536e2b0}: java/lang/ObjectCustomizer> (0x000000070536e2b0) 
thrown [./open/src/hotspot/share/classfile/systemDictionary.cpp, line 295]
Event: 3143.676 Thread 0x000001e05821a230 Exception <a 'java/lang/ClassNotFoundException'{0x0000000705376620}: br/com/loja/mvc/sergio/model/VendaCustomizer> (0x0000000705376620) 
thrown [./open/src/hotspot/share/classfile/systemDictionary.cpp, line 295]
Event: 3158.944 Thread 0x000001e0556b1b00 Implicit null exception at 0x000001e040435e0a to 0x000001e0404360bc
Event: 3158.947 Thread 0x000001e0600c1b40 Exception <a 'java/lang/reflect/InvocationTargetException'{0x00000007058ba6d8}> (0x00000007058ba6d8) 
thrown [./open/src/hotspot/share/runtime/reflection.cpp, line 1157]
Event: 3158.947 Thread 0x000001e0556b1630 Exception <a 'java/lang/reflect/InvocationTargetException'{0x00000007058e5168}> (0x00000007058e5168) 
thrown [./open/src/hotspot/share/runtime/reflection.cpp, line 1157]
Event: 3158.948 Thread 0x000001e0600c4690 Exception <a 'java/lang/ClassNotFoundException'{0x000000070592f830}: java/lang/ObjectCustomizer> (0x000000070592f830) 
thrown [./open/src/hotspot/share/classfile/systemDictionary.cpp, line 295]
Event: 3158.949 Thread 0x000001e0600c4690 Exception <a 'java/lang/ClassNotFoundException'{0x0000000705987a38}: br/com/loja/mvc/sergio/model/VendaCustomizer> (0x0000000705987a38) 
thrown [./open/src/hotspot/share/classfile/systemDictionary.cpp, line 295]
Event: 3158.950 Thread 0x000001e0600c1b40 Implicit null exception at 0x000001e04043672d to 0x000001e0404369c8
Event: 3158.950 Thread 0x000001e0600c4690 Exception <a 'java/lang/reflect/InvocationTargetException'{0x0000000705616ac0}> (0x0000000705616ac0) 
thrown [./open/src/hotspot/share/runtime/reflection.cpp, line 1157]
Event: 3158.953 Thread 0x000001e0600c4690 Exception <a 'java/lang/reflect/InvocationTargetException'{0x0000000705483730}> (0x0000000705483730) 
thrown [./open/src/hotspot/share/runtime/reflection.cpp, line 1157]
Event: 3158.953 Thread 0x000001e0600c4690 Exception <a 'java/lang/reflect/InvocationTargetException'{0x0000000705483ca8}> (0x0000000705483ca8) 
thrown [./open/src/hotspot/share/runtime/reflection.cpp, line 1157]
Event: 3210.075 Thread 0x000001e05821a700 Exception <a 'java/lang/InterruptedException'{0x0000000704c89238}: sleep interrupted> (0x0000000704c89238) 
thrown [./open/src/hotspot/share/prims/jvm.cpp, line 3278]

Events (20 events):
Event: 3210.061 Thread 0x000001e0600c3cf0 Thread exited: 0x000001e0600c3cf0
Event: 3210.074 Thread 0x000001e0556b4180 Thread exited: 0x000001e0556b4180
Event: 3210.075 Thread 0x000001e0556b2e40 Thread exited: 0x000001e0556b2e40
Event: 3210.075 Thread 0x000001e0600c0cd0 Thread exited: 0x000001e0600c0cd0
Event: 3210.075 Thread 0x000001e0600c8520 Thread exited: 0x000001e0600c8520
Event: 3210.075 Thread 0x000001e0600c3820 Thread exited: 0x000001e0600c3820
Event: 3210.075 Thread 0x000001e0556af950 Thread exited: 0x000001e0556af950
Event: 3210.075 Thread 0x000001e0600c4b60 Thread exited: 0x000001e0600c4b60
Event: 3210.075 Thread 0x000001e0600c6370 Thread exited: 0x000001e0600c6370
Event: 3210.075 Thread 0x000001e0600c5500 Thread exited: 0x000001e0600c5500
Event: 3210.075 Thread 0x000001e0600c4690 Thread exited: 0x000001e0600c4690
Event: 3210.075 Thread 0x000001e0600c71e0 Thread exited: 0x000001e0600c71e0
Event: 3210.075 Thread 0x000001e05821a700 Thread exited: 0x000001e05821a700
Event: 3210.075 Thread 0x000001e0600c41c0 Thread exited: 0x000001e0600c41c0
Event: 3210.075 Thread 0x000001e05821abd0 Thread exited: 0x000001e05821abd0
Event: 3210.076 Thread 0x000001e058215a00 Thread exited: 0x000001e058215a00
Event: 3210.076 Thread 0x000001e0556b02f0 Thread added: 0x000001e0556b02f0
Event: 3210.076 Thread 0x000001e05821b570 Thread exited: 0x000001e05821b570
Event: 3210.077 Thread 0x000001e0556b02f0 Thread exited: 0x000001e0556b02f0
Event: 3210.077 Executing VM operation: G1CollectFull


Dynamic libraries:
0x00007ff78ba70000 - 0x00007ff78ba7d000 	C:\Users\Gustavo Poppi\.p2\pool\plugins\org.eclipse.justj.openjdk.hotspot.jre.full.win32.x86_64_15.0.2.v20210201-0955\jre\bin\javaw.exe
0x00007ffc777b0000 - 0x00007ffc779a5000 	C:\Windows\SYSTEM32\ntdll.dll
0x00007ffc76c20000 - 0x00007ffc76cdd000 	C:\Windows\System32\KERNEL32.DLL
0x00007ffc751d0000 - 0x00007ffc75499000 	C:\Windows\System32\KERNELBASE.dll
0x00007ffc74fc0000 - 0x00007ffc750c0000 	C:\Windows\System32\ucrtbase.dll
0x00007ffc70c70000 - 0x00007ffc70c88000 	C:\Users\Gustavo Poppi\.p2\pool\plugins\org.eclipse.justj.openjdk.hotspot.jre.full.win32.x86_64_15.0.2.v20210201-0955\jre\bin\jli.dll
0x00007ffc6fa80000 - 0x00007ffc6fa99000 	C:\Users\Gustavo Poppi\.p2\pool\plugins\org.eclipse.justj.openjdk.hotspot.jre.full.win32.x86_64_15.0.2.v20210201-0955\jre\bin\VCRUNTIME140.dll
0x00007ffc75810000 - 0x00007ffc759b0000 	C:\Windows\System32\USER32.dll
0x00007ffc74f90000 - 0x00007ffc74fb2000 	C:\Windows\System32\win32u.dll
0x00007ffc75c90000 - 0x00007ffc75cba000 	C:\Windows\System32\GDI32.dll
0x00007ffc604f0000 - 0x00007ffc6078a000 	C:\Windows\WinSxS\amd64_microsoft.windows.common-controls_6595b64144ccf1df_6.0.19041.844_none_ca00b6081b84eb1d\COMCTL32.dll
0x00007ffc750c0000 - 0x00007ffc751cb000 	C:\Windows\System32\gdi32full.dll
0x00007ffc76b80000 - 0x00007ffc76c1e000 	C:\Windows\System32\msvcrt.dll
0x00007ffc74ef0000 - 0x00007ffc74f8d000 	C:\Windows\System32\msvcp_win.dll
0x00007ffc76290000 - 0x00007ffc762c0000 	C:\Windows\System32\IMM32.DLL
0x00007ffc6fa70000 - 0x00007ffc6fa7c000 	C:\Users\Gustavo Poppi\.p2\pool\plugins\org.eclipse.justj.openjdk.hotspot.jre.full.win32.x86_64_15.0.2.v20210201-0955\jre\bin\vcruntime140_1.dll
0x00007ffc60a40000 - 0x00007ffc60ad1000 	C:\Users\Gustavo Poppi\.p2\pool\plugins\org.eclipse.justj.openjdk.hotspot.jre.full.win32.x86_64_15.0.2.v20210201-0955\jre\bin\msvcp140.dll
0x00007ffc10de0000 - 0x00007ffc1193e000 	C:\Users\Gustavo Poppi\.p2\pool\plugins\org.eclipse.justj.openjdk.hotspot.jre.full.win32.x86_64_15.0.2.v20210201-0955\jre\bin\server\jvm.dll
0x00007ffc76380000 - 0x00007ffc7642c000 	C:\Windows\System32\ADVAPI32.dll
0x00007ffc75d20000 - 0x00007ffc75dbc000 	C:\Windows\System32\sechost.dll
0x00007ffc75fb0000 - 0x00007ffc760db000 	C:\Windows\System32\RPCRT4.dll
0x00007ffc75eb0000 - 0x00007ffc75eb8000 	C:\Windows\System32\PSAPI.DLL
0x00007ffc62c10000 - 0x00007ffc62c19000 	C:\Windows\SYSTEM32\WSOCK32.dll
0x00007ffc76140000 - 0x00007ffc761ab000 	C:\Windows\System32\WS2_32.dll
0x00007ffc6d510000 - 0x00007ffc6d51a000 	C:\Windows\SYSTEM32\VERSION.dll
0x00007ffc63100000 - 0x00007ffc63127000 	C:\Windows\SYSTEM32\WINMM.dll
0x00007ffc72e70000 - 0x00007ffc72e82000 	C:\Windows\SYSTEM32\kernel.appcore.dll
0x00007ffc72760000 - 0x00007ffc7276a000 	C:\Users\Gustavo Poppi\.p2\pool\plugins\org.eclipse.justj.openjdk.hotspot.jre.full.win32.x86_64_15.0.2.v20210201-0955\jre\bin\jimage.dll
0x00007ffc5bb80000 - 0x00007ffc5bd64000 	C:\Windows\SYSTEM32\DBGHELP.DLL
0x00007ffc5b700000 - 0x00007ffc5b72c000 	C:\Windows\SYSTEM32\dbgcore.DLL
0x00007ffc75660000 - 0x00007ffc756e0000 	C:\Windows\System32\bcryptPrimitives.dll
0x00007ffc6e800000 - 0x00007ffc6e839000 	C:\Users\Gustavo Poppi\.p2\pool\plugins\org.eclipse.justj.openjdk.hotspot.jre.full.win32.x86_64_15.0.2.v20210201-0955\jre\bin\jdwp.dll
0x00007ffc6f950000 - 0x00007ffc6f95e000 	C:\Users\Gustavo Poppi\.p2\pool\plugins\org.eclipse.justj.openjdk.hotspot.jre.full.win32.x86_64_15.0.2.v20210201-0955\jre\bin\instrument.dll
0x00007ffc6e850000 - 0x00007ffc6e875000 	C:\Users\Gustavo Poppi\.p2\pool\plugins\org.eclipse.justj.openjdk.hotspot.jre.full.win32.x86_64_15.0.2.v20210201-0955\jre\bin\java.dll
0x00007ffc6e7d0000 - 0x00007ffc6e7e8000 	C:\Users\Gustavo Poppi\.p2\pool\plugins\org.eclipse.justj.openjdk.hotspot.jre.full.win32.x86_64_15.0.2.v20210201-0955\jre\bin\zip.dll
0x00007ffc76430000 - 0x00007ffc76b72000 	C:\Windows\System32\SHELL32.dll
0x00007ffc73070000 - 0x00007ffc73800000 	C:\Windows\SYSTEM32\windows.storage.dll
0x00007ffc76d40000 - 0x00007ffc77095000 	C:\Windows\System32\combase.dll
0x00007ffc74960000 - 0x00007ffc7498c000 	C:\Windows\SYSTEM32\Wldp.dll
0x00007ffc762c0000 - 0x00007ffc7636e000 	C:\Windows\System32\SHCORE.dll
0x00007ffc760e0000 - 0x00007ffc76135000 	C:\Windows\System32\shlwapi.dll
0x00007ffc74e30000 - 0x00007ffc74e4f000 	C:\Windows\SYSTEM32\profapi.dll
0x00007ffc6f940000 - 0x00007ffc6f94b000 	C:\Users\Gustavo Poppi\.p2\pool\plugins\org.eclipse.justj.openjdk.hotspot.jre.full.win32.x86_64_15.0.2.v20210201-0955\jre\bin\dt_socket.dll
0x00007ffc74380000 - 0x00007ffc743bb000 	C:\Windows\SYSTEM32\IPHLPAPI.DLL
0x00007ffc746e0000 - 0x00007ffc7474a000 	C:\Windows\system32\mswsock.dll
0x00007ffc743d0000 - 0x00007ffc7449b000 	C:\Windows\SYSTEM32\DNSAPI.dll
0x00007ffc76370000 - 0x00007ffc76378000 	C:\Windows\System32\NSI.dll
0x00007ffc6d520000 - 0x00007ffc6d52a000 	C:\Windows\System32\rasadhlp.dll
0x00007ffc6be50000 - 0x00007ffc6becf000 	C:\Windows\System32\fwpuclnt.dll
0x00007ffc75730000 - 0x00007ffc75757000 	C:\Windows\System32\bcrypt.dll
0x00007ffc6e7b0000 - 0x00007ffc6e7c9000 	C:\Users\Gustavo Poppi\.p2\pool\plugins\org.eclipse.justj.openjdk.hotspot.jre.full.win32.x86_64_15.0.2.v20210201-0955\jre\bin\net.dll
0x00007ffc6d570000 - 0x00007ffc6d67c000 	C:\Windows\SYSTEM32\WINHTTP.dll
0x00007ffc6e790000 - 0x00007ffc6e7a2000 	C:\Users\Gustavo Poppi\.p2\pool\plugins\org.eclipse.justj.openjdk.hotspot.jre.full.win32.x86_64_15.0.2.v20210201-0955\jre\bin\nio.dll
0x00007ffc6ee20000 - 0x00007ffc6ee30000 	C:\Users\Gustavo Poppi\.p2\pool\plugins\org.eclipse.justj.openjdk.hotspot.jre.full.win32.x86_64_15.0.2.v20210201-0955\jre\bin\verify.dll
0x00007ffc6e840000 - 0x00007ffc6e849000 	C:\Users\Gustavo Poppi\.p2\pool\plugins\org.eclipse.justj.openjdk.hotspot.jre.full.win32.x86_64_15.0.2.v20210201-0955\jre\bin\management.dll
0x00007ffc5f140000 - 0x00007ffc5f14b000 	C:\Users\Gustavo Poppi\.p2\pool\plugins\org.eclipse.justj.openjdk.hotspot.jre.full.win32.x86_64_15.0.2.v20210201-0955\jre\bin\management_ext.dll
0x00007ffc5a490000 - 0x00007ffc5a4a7000 	C:\Windows\system32\napinsp.dll
0x00007ffc5a470000 - 0x00007ffc5a48b000 	C:\Windows\system32\pnrpnsp.dll
0x00007ffc5a220000 - 0x00007ffc5a235000 	C:\Windows\system32\wshbth.dll
0x00007ffc70ae0000 - 0x00007ffc70afd000 	C:\Windows\system32\NLAapi.dll
0x00007ffc5a0b0000 - 0x00007ffc5a0c2000 	C:\Windows\System32\winrnr.dll
0x00007ffc748b0000 - 0x00007ffc748c8000 	C:\Windows\SYSTEM32\CRYPTSP.dll
0x00007ffc74010000 - 0x00007ffc74044000 	C:\Windows\system32\rsaenh.dll
0x00007ffc74df0000 - 0x00007ffc74e1e000 	C:\Windows\SYSTEM32\USERENV.dll
0x00007ffc748d0000 - 0x00007ffc748dc000 	C:\Windows\SYSTEM32\CRYPTBASE.dll
0x00007ffc6ec40000 - 0x00007ffc6ec57000 	C:\Windows\SYSTEM32\dhcpcsvc6.DLL
0x00007ffc6ea90000 - 0x00007ffc6eaad000 	C:\Windows\SYSTEM32\dhcpcsvc.DLL

dbghelp: loaded successfully - version: 4.0.5 - missing functions: none
symbol engine: initialized successfully - sym options: 0x614 - pdb path: .;C:\Users\Gustavo Poppi\.p2\pool\plugins\org.eclipse.justj.openjdk.hotspot.jre.full.win32.x86_64_15.0.2.v20210201-0955\jre\bin;C:\Windows\SYSTEM32;C:\Windows\WinSxS\amd64_microsoft.windows.common-controls_6595b64144ccf1df_6.0.19041.844_none_ca00b6081b84eb1d;C:\Users\Gustavo Poppi\.p2\pool\plugins\org.eclipse.justj.openjdk.hotspot.jre.full.win32.x86_64_15.0.2.v20210201-0955\jre\bin\server

VM Arguments:
jvm_args: -XX:+ShowCodeDetailsInExceptionMessages -agentlib:jdwp=transport=dt_socket,suspend=y,address=localhost:53339 -javaagent:C:\Users\Gustavo Poppi\eclipse\jee-2020-12\eclipse\configuration\org.eclipse.osgi\405\0\.cp\lib\javaagent-shaded.jar -Dfile.encoding=UTF-8 
java_command: br.com.loja.mvc.sergio.MudiApplication
java_class_path (initial): D:\Program Files (x86)\eclipse-workspace\Sergio\target\classes;C:\Users\Gustavo Poppi\.m2\repository\org\springframework\boot\spring-boot-starter-thymeleaf\2.3.1.RELEASE\spring-boot-starter-thymeleaf-2.3.1.RELEASE.jar;C:\Users\Gustavo Poppi\.m2\repository\org\springframework\boot\spring-boot-starter\2.3.1.RELEASE\spring-boot-starter-2.3.1.RELEASE.jar;C:\Users\Gustavo Poppi\.m2\repository\org\springframework\boot\spring-boot-starter-logging\2.3.1.RELEASE\spring-boot-starter-logging-2.3.1.RELEASE.jar;C:\Users\Gustavo Poppi\.m2\repository\ch\qos\logback\logback-classic\1.2.3\logback-classic-1.2.3.jar;C:\Users\Gustavo Poppi\.m2\repository\ch\qos\logback\logback-core\1.2.3\logback-core-1.2.3.jar;C:\Users\Gustavo Poppi\.m2\repository\org\apache\logging\log4j\log4j-to-slf4j\2.13.3\log4j-to-slf4j-2.13.3.jar;C:\Users\Gustavo Poppi\.m2\repository\org\apache\logging\log4j\log4j-api\2.13.3\log4j-api-2.13.3.jar;C:\Users\Gustavo Poppi\.m2\repository\org\slf4j\jul-to-slf4j\1.7.30\jul-to-slf4j-1.7.30.jar;C:\Users\Gustavo Poppi\.m2\repository\jakarta\annotation\jakarta.annotation-api\1.3.5\jakarta.annotation-api-1.3.5.jar;C:\Users\Gustavo Poppi\.m2\repository\org\yaml\snakeyaml\1.26\snakeyaml-1.26.jar;C:\Users\Gustavo Poppi\.m2\repository\org\thymeleaf\thymeleaf-spring5\3.0.11.RELEASE\thymeleaf-spring5-3.0.11.RELEASE.jar;C:\Users\Gustavo Poppi\.m2\repository\org\thymeleaf\thymeleaf\3.0.11.RELEASE\thymeleaf-3.0.11.RELEASE.jar;C:\Users\Gustavo Poppi\.m2\repository\org\attoparser\attoparser\2.0.5.RELEASE\attoparser-2.0.5.RELEASE.jar;C:\Users\Gustavo Poppi\.m2\repository\org\unbescape\unbescape\1.1.6.RELEASE\unbescape-1.1.6.RELEASE.jar;C:\Users\Gustavo Poppi\.m2\repository\org\slf4j\slf4j-api\1.7.30\slf4j-api-1.7.30.jar;C:\Users\Gustavo Poppi\.m2\repository\org\thymeleaf\extras\thymeleaf-extras-java8time\3.0.4.RELEASE\thymeleaf-extras-java8time-3.0.4.RELEASE.jar;C:\Users\Gustavo Poppi\.m2\repository\org\springframework\boot\spring-boot-starter-web\2.3.1.RELE
Launcher Type: SUN_STANDARD

[Global flags]
     intx CICompilerCount                          = 4                                         {product} {ergonomic}
     uint ConcGCThreads                            = 3                                         {product} {ergonomic}
     uint G1ConcRefinementThreads                  = 10                                        {product} {ergonomic}
   size_t G1HeapRegionSize                         = 2097152                                   {product} {ergonomic}
    uintx GCDrainStackTargetSize                   = 64                                        {product} {ergonomic}
   size_t InitialHeapSize                          = 268435456                                 {product} {ergonomic}
   size_t MarkStackSize                            = 4194304                                   {product} {ergonomic}
   size_t MaxHeapSize                              = 4282384384                                {product} {ergonomic}
   size_t MaxNewSize                               = 2569011200                                {product} {ergonomic}
   size_t MinHeapDeltaBytes                        = 2097152                                   {product} {ergonomic}
   size_t MinHeapSize                              = 8388608                                   {product} {ergonomic}
    uintx NonNMethodCodeHeapSize                   = 5839372                                {pd product} {ergonomic}
    uintx NonProfiledCodeHeapSize                  = 122909434                              {pd product} {ergonomic}
    uintx ProfiledCodeHeapSize                     = 122909434                              {pd product} {ergonomic}
    uintx ReservedCodeCacheSize                    = 251658240                              {pd product} {ergonomic}
     bool SegmentedCodeCache                       = true                                      {product} {ergonomic}
     bool ShowCodeDetailsInExceptionMessages       = true                                   {manageable} {command line}
   size_t SoftMaxHeapSize                          = 4282384384                             {manageable} {ergonomic}
     bool UseCompressedClassPointers               = true                                 {lp64_product} {ergonomic}
     bool UseCompressedOops                        = true                                 {lp64_product} {ergonomic}
     bool UseG1GC                                  = true                                      {product} {ergonomic}
     bool UseLargePagesIndividualAllocation        = false                                  {pd product} {ergonomic}

Logging:
Log output configuration:
 #0: stdout all=warning uptime,level,tags
 #1: stderr all=off uptime,level,tags

Environment Variables:
PATH=C:\Users\Gustavo Poppi\.p2\pool\plugins\org.eclipse.justj.openjdk.hotspot.jre.full.win32.x86_64_15.0.2.v20210201-0955\jre\bin;C:/Users/Gustavo Poppi/.p2/pool/plugins/org.eclipse.justj.openjdk.hotspot.jre.full.win32.x86_64_15.0.2.v20210201-0955/jre/bin/server;C:/Users/Gustavo Poppi/.p2/pool/plugins/org.eclipse.justj.openjdk.hotspot.jre.full.win32.x86_64_15.0.2.v20210201-0955/jre/bin;C:\Program Files (x86)\Razer\ChromaBroadcast\bin;C:\Program Files\Razer\ChromaBroadcast\bin;C:\Program Files\AdoptOpenJDK\jdk-11.0.10.9-hotspot\bin;C:\Program Files (x86)\Common Files\Oracle\Java\javapath;C:\Windows\system32;C:\Windows;C:\Windows\System32\Wbem;C:\Windows\System32\WindowsPowerShell\v1.0\;C:\Windows\System32\OpenSSH\;C:\Program Files (x86)\NVIDIA Corporation\PhysX\Common;C:\Program Files\NVIDIA Corporation\NVIDIA NvDLISR;C:\Windows\system32\config\systemprofile\AppData\Local\Microsoft\WindowsApps;C:\Program Files\Git\cmd;C:\Program Files\TortoiseGit\bin;C:\Program Files\MySQL\MySQL Shell 8.0\bin\;C:\Users\Gustavo Poppi\AppData\Local\Microsoft\WindowsApps;;C:\Users\Gustavo Poppi\AppData\Local\Programs\Microsoft VS Code\bin;C:\Windows\System32;
USERNAME=Gustavo Poppi
OS=Windows_NT
PROCESSOR_IDENTIFIER=AMD64 Family 23 Model 113 Stepping 0, AuthenticAMD



---------------  S Y S T E M  ---------------

OS:
 Windows 10 , 64 bit Build 19041 (10.0.19041.804)
OS uptime: 5 days 12:48 hours

CPU: total 12 (initial active 12) (12 cores per cpu, 2 threads per core) family 23 model 113 stepping 0 microcode 0x0, cmov, cx8, fxsr, mmx, sse, sse2, sse3, ssse3, sse4.1, sse4.2, popcnt, vzeroupper, avx, avx2, aes, clmul, 3dnowpref, lzcnt, sse4a, ht, tsc, tscinvbit, tscinv, bmi1, bmi2, adx, sha, fma, clflush, clflushopt

Memory: 4k page, system-wide physical 16330M (9151M free)
TotalPageFile size 22529M (AvailPageFile size 8810M)
current process WorkingSet (physical memory assigned to process): 373M, peak: 533M
current process commit charge ("private bytes"): 423M, peak: 570M

vm_info: OpenJDK 64-Bit Server VM (15.0.2+7-27) for windows-amd64 JRE (15.0.2+7-27), built on Dec  7 2020 20:02:38 by "mach5one" with unknown MS VC++:1925

END.
